<?xml version="1.0" encoding="UTF-8"?>
<!-- Generated by org.testng.reporters.JUnitReportReporter -->
<testsuite hostname="LTIN198470" failures="0" tests="7" name="testCases.TC_002_SelectItems" time="0.000" errors="0" timestamp="2024-03-04T10:19:55 IST" skipped="7">
  <testcase classname="testCases.TC_002_SelectItems" name="selectCategory" time="0.000">
    <skipped/>
  </testcase> <!-- selectCategory -->
  <system-out/>
  <testcase classname="testCases.TC_002_SelectItems" name="select_price" time="0.000">
    <skipped/>
  </testcase> <!-- select_price -->
  <system-out/>
  <testcase classname="testCases.TC_002_SelectItems" name="clickStorageButton" time="0.000">
    <skipped/>
  </testcase> <!-- clickStorageButton -->
  <system-out/>
  <testcase classname="testCases.TC_002_SelectItems" name="select_filter" time="0.000">
    <skipped/>
  </testcase> <!-- select_filter -->
  <system-out/>
  <testcase classname="testCases.TC_002_SelectItems" name="print_data" time="0.000">
    <skipped/>
  </testcase> <!-- print_data -->
  <system-out/>
  <testcase classname="testCases.TC_002_SelectItems" name="displayNavBar_items" time="0.000">
    <skipped/>
  </testcase> <!-- displayNavBar_items -->
  <system-out/>
  <testcase classname="testCases.TC_002_SelectItems" name="printNavBar_items" time="0.000">
    <skipped/>
  </testcase> <!-- printNavBar_items -->
  <system-out/>
</testsuite> <!-- testCases.TC_002_SelectItems -->
