<?xml version="1.0" encoding="UTF-8"?>
<!-- Generated by org.testng.reporters.JUnitReportReporter -->
<testsuite hostname="LTIN198470" failures="0" tests="6" name="testCases.TC_003_GiftCard" time="0.000" errors="0" timestamp="2024-03-04T10:19:55 IST" skipped="6">
  <testcase classname="testCases.TC_003_GiftCard" name="displayGiftPage" time="0.000">
    <skipped/>
  </testcase> <!-- displayGiftPage -->
  <system-out/>
  <testcase classname="testCases.TC_003_GiftCard" name="clickBirthday" time="0.000">
    <skipped/>
  </testcase> <!-- clickBirthday -->
  <system-out/>
  <testcase classname="testCases.TC_003_GiftCard" name="enterAmount_Date" time="0.000">
    <skipped/>
  </testcase> <!-- enterAmount_Date -->
  <system-out/>
  <testcase classname="testCases.TC_003_GiftCard" name="enterDetails" time="0.000">
    <skipped/>
  </testcase> <!-- enterDetails -->
  <system-out/>
  <testcase classname="testCases.TC_003_GiftCard" name="mailValidation" time="0.000">
    <skipped/>
  </testcase> <!-- mailValidation -->
  <system-out/>
  <testcase classname="testCases.TC_003_GiftCard" name="verifyValidEmail" time="0.000">
    <skipped/>
  </testcase> <!-- verifyValidEmail -->
  <system-out/>
</testsuite> <!-- testCases.TC_003_GiftCard -->
